11/3/2017 11:10:00 AM	This log contains information about the import schema operation into project 'Ad' on computer 'COOLY487A' by user 'wangdanlin'.
11/3/2017 11:10:00 AM	Import of database schema has started.
11/3/2017 11:10:11 AM	Gathering database credentials
11/3/2017 11:10:11 AM	Gathering database options
11/3/2017 11:10:11 AM	Gathering users
11/3/2017 11:10:11 AM	Gathering roles
11/3/2017 11:10:11 AM	Gathering application roles
11/3/2017 11:10:11 AM	Gathering role memberships
11/3/2017 11:10:11 AM	Gathering filegroups
11/3/2017 11:10:11 AM	Gathering full-text catalogs
11/3/2017 11:10:11 AM	Gathering assemblies
11/3/2017 11:10:11 AM	Gathering certificates
11/3/2017 11:10:11 AM	Gathering asymmetric keys
11/3/2017 11:10:11 AM	Gathering symmetric keys
11/3/2017 11:10:11 AM	Gathering encrypted symmetric keys
11/3/2017 11:10:11 AM	Gathering schemas
11/3/2017 11:10:11 AM	Gathering XML schema collections
11/3/2017 11:10:11 AM	Gathering user-defined data types
11/3/2017 11:10:11 AM	Gathering user-defined types
11/3/2017 11:10:11 AM	Gathering table types
11/3/2017 11:10:12 AM	Gathering unique keys for table types
11/3/2017 11:10:12 AM	Gathering primary keys for table types
11/3/2017 11:10:12 AM	Gathering indexes for table types
11/3/2017 11:10:12 AM	Gathering check constraints for table types
11/3/2017 11:10:12 AM	Gathering default constraints for table types
11/3/2017 11:10:12 AM	Gathering partition functions
11/3/2017 11:10:12 AM	Gathering partition schemes
11/3/2017 11:10:12 AM	Gathering functions
11/3/2017 11:10:12 AM	Gathering encrypted functions
11/3/2017 11:10:12 AM	Gathering aggregates
11/3/2017 11:10:12 AM	Gathering procedures
11/3/2017 11:10:12 AM	Gathering encrypted procedures
11/3/2017 11:10:13 AM	Gathering tables
11/3/2017 11:10:13 AM	Gathering primary keys
11/3/2017 11:10:13 AM	Gathering unique constraints
11/3/2017 11:10:13 AM	Gathering foreign keys
11/3/2017 11:10:13 AM	Gathering default constraints
11/3/2017 11:10:13 AM	Gathering check constraints
11/3/2017 11:10:13 AM	Gathering views
11/3/2017 11:10:14 AM	Gathering encrypted views
11/3/2017 11:10:14 AM	Gathering indexes
11/3/2017 11:10:14 AM	Gathering statistics
11/3/2017 11:10:14 AM	Gathering full-text index stoplists
11/3/2017 11:10:14 AM	Gathering search property lists
11/3/2017 11:10:14 AM	Gathering search properties
11/3/2017 11:10:14 AM	Gathering full-text indexes
11/3/2017 11:10:14 AM	Gathering column store indexes
11/3/2017 11:10:14 AM	Gathering spatial indexes
11/3/2017 11:10:14 AM	Gathering XML indexes
11/3/2017 11:10:14 AM	Gathering Selective XML indexes
11/3/2017 11:10:14 AM	Gathering encrypted triggers
11/3/2017 11:10:14 AM	Gathering triggers
11/3/2017 11:10:14 AM	Gathering encrypted and clr ddl triggers
11/3/2017 11:10:14 AM	Gathering ddl triggers
11/3/2017 11:10:14 AM	Gathering synonyms
11/3/2017 11:10:14 AM	Gathering defaults
11/3/2017 11:10:14 AM	Gathering data constraint uddt bindings
11/3/2017 11:10:14 AM	Gathering rules
11/3/2017 11:10:14 AM	Gathering data constraint uddt bindings
11/3/2017 11:10:14 AM	Gathering message types
11/3/2017 11:10:14 AM	Gathering queues
11/3/2017 11:10:14 AM	Gathering contracts
11/3/2017 11:10:14 AM	Gathering services
11/3/2017 11:10:14 AM	Gathering event notifications
11/3/2017 11:10:14 AM	Gathering remote service bindings
11/3/2017 11:10:14 AM	Gathering broker priorities
11/3/2017 11:10:14 AM	Gathering signatures
11/3/2017 11:10:14 AM	Gathering data compression options
11/3/2017 11:10:14 AM	Gathering sequence types
11/3/2017 11:10:14 AM	Gathering security policies
11/3/2017 11:10:14 AM	Gather column encryption keys
11/3/2017 11:10:14 AM	Gathering column master keys
11/3/2017 11:10:14 AM	Gathering external data sources
11/3/2017 11:10:14 AM	Gathering external file formats
11/3/2017 11:10:14 AM	Gathering external tables
11/3/2017 11:10:14 AM	Gathering extended properties
11/3/2017 11:10:15 AM	Gathering credentials
11/3/2017 11:10:15 AM	Gathering logins
11/3/2017 11:10:15 AM	Gathering server audits
11/3/2017 11:10:19 AM	Scanning project for duplicate elements
11/3/2017 11:10:22 AM	Finished duplicate element processing
11/3/2017 11:10:30 AM	Finished importing database.
11/3/2017 11:10:30 AM	A summary of the import was saved to the following location: \\Mac\Home\Desktop\Training\AdventureWorks\Ad\Import Schema Logs\Ad_20171103031000.log
11/3/2017 11:10:30 AM	Click Finish to continue...
